{"buildInfo":{"nodeVersion":"v20.9.0","version":"1.0.0"},"level":"info","message":"App has started on port 5000","service":"Mainstack-service"}
{"buildInfo":{"nodeVersion":"v20.9.0","version":"1.0.0"},"level":"info","message":"App has started on port 5000","service":"Mainstack-service"}
{"buildInfo":{"nodeVersion":"v20.9.0","version":"1.0.0"},"code":"ENOTFOUND","hostname":"_mongodb._tcp.devconnector.xou9u.mongodb.net","level":"error","service":"Mainstack-service","syscall":"querySrv"}
{"buildInfo":{"nodeVersion":"v20.9.0","version":"1.0.0"},"level":"info","message":"App has started on port 5000","service":"Mainstack-service"}
{"buildInfo":{"nodeVersion":"v20.9.0","version":"1.0.0"},"level":"info","message":"App has started on port 5000","service":"Mainstack-service"}
{"buildInfo":{"nodeVersion":"v20.9.0","version":"1.0.0"},"level":"info","message":"App has started on port 5000","service":"Mainstack-service"}
{"buildInfo":{"nodeVersion":"v20.9.0","version":"1.0.0"},"level":"info","message":"App has started on port 5000","service":"Mainstack-service"}
{"buildInfo":{"nodeVersion":"v20.9.0","version":"1.0.0"},"level":"info","message":"App has started on port 5000","service":"Mainstack-service"}
{"buildInfo":{"nodeVersion":"v20.9.0","version":"1.0.0"},"level":"info","message":"Request received","method":"POST","responseTime":"18.078 ms","service":"Mainstack-service","status":"404","url":"/user/signup"}
{"buildInfo":{"nodeVersion":"v20.9.0","version":"1.0.0"},"level":"info","message":"Request received","method":"POST","responseTime":"1.665 ms","service":"Mainstack-service","status":"404","url":"/user/signup"}
{"buildInfo":{"nodeVersion":"v20.9.0","version":"1.0.0"},"level":"info","message":"Request received","method":"POST","responseTime":"1.134 ms","service":"Mainstack-service","status":"404","url":"/user/signup"}
{"buildInfo":{"nodeVersion":"v20.9.0","version":"1.0.0"},"level":"info","message":"Request received","method":"POST","responseTime":"0.479 ms","service":"Mainstack-service","status":"404","url":"/signup"}
{"buildInfo":{"nodeVersion":"v20.9.0","version":"1.0.0"},"level":"info","message":"Request received","method":"POST","responseTime":"1.077 ms","service":"Mainstack-service","status":"404","url":"/user/signup"}
{"buildInfo":{"nodeVersion":"v20.9.0","version":"1.0.0"},"level":"info","message":"Request received","method":"GET","responseTime":"1.169 ms","service":"Mainstack-service","status":"404","url":"/"}
{"buildInfo":{"nodeVersion":"v20.9.0","version":"1.0.0"},"level":"info","message":"RegisterUser function called with request data","requestData":{"confirmPassword":"Password@123","email":"daniseiheme4@gmail.com","firstName":"Danise","lastName":"Iheme","middleName":null,"password":"Password@123","phoneNumber":"08120076569"},"service":"Mainstack-service"}
{"buildInfo":{"nodeVersion":"v20.9.0","version":"1.0.0"},"email":"daniseiheme4@gmail.com","level":"info","message":"Checked for existing user","service":"Mainstack-service","userExists":false}
{"buildInfo":{"nodeVersion":"v20.9.0","version":"1.0.0"},"level":"info","message":"Hashing user password","service":"Mainstack-service"}
{"buildInfo":{"nodeVersion":"v20.9.0","version":"1.0.0"},"email":"daniseiheme4@gmail.com","level":"info","message":"Saving new user to the database","service":"Mainstack-service"}
{"buildInfo":{"nodeVersion":"v20.9.0","version":"1.0.0"},"email":"daniseiheme4@gmail.com","level":"info","message":"User registration process completed","service":"Mainstack-service","success":true}
{"buildInfo":{"nodeVersion":"v20.9.0","version":"1.0.0"},"level":"info","message":"Request received","method":"POST","responseTime":"760.584 ms","service":"Mainstack-service","status":"200","url":"/api/user/signup"}
{"buildInfo":{"nodeVersion":"v20.9.0","version":"1.0.0"},"level":"info","message":"RegisterUser function called with request data","requestData":{"confirmPassword":"Password@123","email":"daniseiheme4@gmail.com","firstName":"Danise","lastName":"Iheme","middleName":null,"password":"Password@123","phoneNumber":"08120076569"},"service":"Mainstack-service"}
{"buildInfo":{"nodeVersion":"v20.9.0","version":"1.0.0"},"email":"daniseiheme4@gmail.com","level":"info","message":"Checked for existing user","service":"Mainstack-service","userExists":true}
{"buildInfo":{"nodeVersion":"v20.9.0","version":"1.0.0"},"email":"daniseiheme4@gmail.com","level":"warn","message":"User registration failed, email already exists","service":"Mainstack-service"}
{"buildInfo":{"nodeVersion":"v20.9.0","version":"1.0.0"},"level":"info","message":"Request received","method":"POST","responseTime":"362.236 ms","service":"Mainstack-service","status":"400","url":"/api/user/signup"}
{"buildInfo":{"nodeVersion":"v20.9.0","version":"1.0.0"},"level":"info","message":"App has started on port 5000","service":"Mainstack-service"}
{"buildInfo":{"nodeVersion":"v20.9.0","version":"1.0.0"},"level":"info","message":"RegisterUser function called with request data","requestData":{"email":"daniseiheme4@gmail.com","firstName":"Danise","lastName":"Iheme","middleName":null,"phoneNumber":"08120076569"},"service":"Mainstack-service"}
{"buildInfo":{"nodeVersion":"v20.9.0","version":"1.0.0"},"email":"daniseiheme4@gmail.com","level":"info","message":"Checked for existing user","service":"Mainstack-service","userExists":true}
{"buildInfo":{"nodeVersion":"v20.9.0","version":"1.0.0"},"email":"daniseiheme4@gmail.com","level":"warn","message":"User registration failed, email already exists","service":"Mainstack-service"}
{"buildInfo":{"nodeVersion":"v20.9.0","version":"1.0.0"},"level":"info","message":"Request received","method":"POST","responseTime":"893.530 ms","service":"Mainstack-service","status":"400","url":"/api/user/signup"}
{"buildInfo":{"nodeVersion":"v20.9.0","version":"1.0.0"},"level":"info","message":"App has started on port 5000","service":"Mainstack-service"}
{"buildInfo":{"nodeVersion":"v20.9.0","version":"1.0.0"},"level":"info","message":"RegisterUser function called with request data","requestData":{"email":"daniseiheme4@gmail.com","firstName":"Danise","lastName":"Iheme","middleName":null,"phoneNumber":"08120076569"},"service":"Mainstack-service"}
{"buildInfo":{"nodeVersion":"v20.9.0","version":"1.0.0"},"email":"daniseiheme4@gmail.com","level":"info","message":"Checked for existing user","service":"Mainstack-service","userExists":true}
{"buildInfo":{"nodeVersion":"v20.9.0","version":"1.0.0"},"level":"info","message":"App has started on port 5000","service":"Mainstack-service"}
{"buildInfo":{"nodeVersion":"v20.9.0","version":"1.0.0"},"level":"info","message":"RegisterUser function called with request data","requestData":{"email":"daniseiheme4@gmail.com","firstName":"Danise","lastName":"Iheme","middleName":null,"phoneNumber":"08120076569"},"service":"Mainstack-service"}
{"buildInfo":{"nodeVersion":"v20.9.0","version":"1.0.0"},"email":"daniseiheme4@gmail.com","level":"info","message":"Checked for existing user","service":"Mainstack-service","userExists":true}
{"buildInfo":{"nodeVersion":"v20.9.0","version":"1.0.0"},"email":"daniseiheme4@gmail.com","level":"warn","message":"User registration failed, email already exists","service":"Mainstack-service"}
{"buildInfo":{"nodeVersion":"v20.9.0","version":"1.0.0"},"level":"info","message":"Request received","method":"POST","responseTime":"291.032 ms","service":"Mainstack-service","status":"400","timestamp":"2024-09-08T21:33:02.889Z","url":"/api/user/signup"}
{"buildInfo":{"nodeVersion":"v20.9.0","version":"1.0.0"},"level":"info","message":"App has started on port 5100","service":"Mainstack-service"}
{"buildInfo":{"nodeVersion":"v20.9.0","version":"1.0.0"},"level":"info","message":"RegisterUser function called with request data","requestData":{"email":"daniseiheme4@gmail.com","firstName":"Danise","lastName":"Iheme","middleName":null,"phoneNumber":"08120076569"},"service":"Mainstack-service"}
{"buildInfo":{"nodeVersion":"v20.9.0","version":"1.0.0"},"email":"daniseiheme4@gmail.com","level":"info","message":"Checked for existing user","service":"Mainstack-service","userExists":false}
{"buildInfo":{"nodeVersion":"v20.9.0","version":"1.0.0"},"level":"info","message":"Hashing user password","service":"Mainstack-service"}
{"buildInfo":{"nodeVersion":"v20.9.0","version":"1.0.0"},"email":"daniseiheme4@gmail.com","level":"info","message":"Saving new user to the database","service":"Mainstack-service"}
{"buildInfo":{"nodeVersion":"v20.9.0","version":"1.0.0"},"email":"daniseiheme4@gmail.com","level":"info","message":"User registration process completed","service":"Mainstack-service","success":false}
{"buildInfo":{"nodeVersion":"v20.9.0","version":"1.0.0"},"level":"info","message":"Request received","method":"POST","responseTime":"722.447 ms","service":"Mainstack-service","status":"200","timestamp":"2024-09-09T18:56:59.761Z","url":"/api/user/signup"}
{"buildInfo":{"nodeVersion":"v20.9.0","version":"1.0.0"},"level":"info","message":"RegisterUser function called with request data","requestData":{"email":"daniseiheme4@gmail.com","firstName":"Danise","lastName":"Iheme","middleName":null,"phoneNumber":"08120076569"},"service":"Mainstack-service"}
{"buildInfo":{"nodeVersion":"v20.9.0","version":"1.0.0"},"email":"daniseiheme4@gmail.com","level":"info","message":"Checked for existing user","service":"Mainstack-service","userExists":true}
{"buildInfo":{"nodeVersion":"v20.9.0","version":"1.0.0"},"email":"daniseiheme4@gmail.com","level":"warn","message":"User registration failed, email already exists","service":"Mainstack-service"}
{"buildInfo":{"nodeVersion":"v20.9.0","version":"1.0.0"},"level":"info","message":"Request received","method":"POST","responseTime":"348.437 ms","service":"Mainstack-service","status":"400","timestamp":"2024-09-09T18:57:11.300Z","url":"/api/user/signup"}
{"buildInfo":{"nodeVersion":"v20.9.0","version":"1.0.0"},"level":"info","message":"RegisterUser function called with request data","requestData":{"email":"daniseiheme4@gmail.com","firstName":"Danise","lastName":"Iheme","middleName":null,"phoneNumber":"08120076569"},"service":"Mainstack-service"}
{"buildInfo":{"nodeVersion":"v20.9.0","version":"1.0.0"},"email":"daniseiheme4@gmail.com","level":"info","message":"Checked for existing user","service":"Mainstack-service","userExists":true}
{"buildInfo":{"nodeVersion":"v20.9.0","version":"1.0.0"},"email":"daniseiheme4@gmail.com","level":"warn","message":"User registration failed, email already exists","service":"Mainstack-service"}
{"buildInfo":{"nodeVersion":"v20.9.0","version":"1.0.0"},"level":"info","message":"Request received","method":"POST","responseTime":"440.115 ms","service":"Mainstack-service","status":"400","timestamp":"2024-09-09T19:06:06.510Z","url":"/api/user/signup"}
{"buildInfo":{"nodeVersion":"v20.9.0","version":"1.0.0"},"level":"info","message":"RegisterUser function called with request data","requestData":{"email":"daniseiheme4@gmail.com","firstName":"Danise","lastName":"Iheme","middleName":null,"phoneNumber":"08120076569"},"service":"Mainstack-service"}
{"buildInfo":{"nodeVersion":"v20.9.0","version":"1.0.0"},"email":"daniseiheme4@gmail.com","level":"info","message":"Checked for existing user","service":"Mainstack-service","userExists":true}
{"buildInfo":{"nodeVersion":"v20.9.0","version":"1.0.0"},"email":"daniseiheme4@gmail.com","level":"warn","message":"User registration failed, email already exists","service":"Mainstack-service"}
{"buildInfo":{"nodeVersion":"v20.9.0","version":"1.0.0"},"level":"info","message":"Request received","method":"POST","responseTime":"336.914 ms","service":"Mainstack-service","status":"400","timestamp":"2024-09-09T19:12:53.754Z","url":"/api/user/signup"}
{"buildInfo":{"nodeVersion":"v20.9.0","version":"1.0.0"},"level":"info","message":"Request received","method":"POST","responseTime":"27.525 ms","service":"Mainstack-service","status":"400","timestamp":"2024-09-09T19:13:00.418Z","url":"/api/user/signup"}
{"buildInfo":{"nodeVersion":"v20.9.0","version":"1.0.0"},"level":"info","message":"Request received","method":"POST","responseTime":"2.544 ms","service":"Mainstack-service","status":"400","timestamp":"2024-09-09T19:13:15.833Z","url":"/api/user/signup"}
{"buildInfo":{"nodeVersion":"v20.9.0","version":"1.0.0"},"level":"info","message":"RegisterUser function called with request data","requestData":{"email":"daniseiheme2@gmail.com","firstName":"Danise","lastName":"Iheme","middleName":null,"phoneNumber":"08120076569"},"service":"Mainstack-service"}
{"buildInfo":{"nodeVersion":"v20.9.0","version":"1.0.0"},"email":"daniseiheme2@gmail.com","level":"info","message":"Checked for existing user","service":"Mainstack-service","userExists":false}
{"buildInfo":{"nodeVersion":"v20.9.0","version":"1.0.0"},"level":"info","message":"Hashing user password","service":"Mainstack-service"}
{"buildInfo":{"nodeVersion":"v20.9.0","version":"1.0.0"},"email":"daniseiheme2@gmail.com","level":"info","message":"Saving new user to the database","service":"Mainstack-service"}
{"buildInfo":{"nodeVersion":"v20.9.0","version":"1.0.0"},"email":"daniseiheme2@gmail.com","level":"info","message":"User registration process completed","service":"Mainstack-service","success":true}
{"buildInfo":{"nodeVersion":"v20.9.0","version":"1.0.0"},"level":"info","message":"Request received","method":"POST","responseTime":"790.647 ms","service":"Mainstack-service","status":"200","timestamp":"2024-09-09T19:15:08.145Z","url":"/api/user/signup"}
{"buildInfo":{"nodeVersion":"v20.9.0","version":"1.0.0"},"level":"info","message":"RegisterUser function called with request data","requestData":{"email":"daniseiheme2@gmail.com","firstName":"Danise","lastName":"Iheme","middleName":null,"phoneNumber":"08120076569"},"service":"Mainstack-service"}
{"buildInfo":{"nodeVersion":"v20.9.0","version":"1.0.0"},"email":"daniseiheme2@gmail.com","level":"info","message":"Checked for existing user","service":"Mainstack-service","userExists":true}
{"buildInfo":{"nodeVersion":"v20.9.0","version":"1.0.0"},"email":"daniseiheme2@gmail.com","level":"warn","message":"User registration failed, email already exists","service":"Mainstack-service"}
{"buildInfo":{"nodeVersion":"v20.9.0","version":"1.0.0"},"level":"info","message":"Request received","method":"POST","responseTime":"2898.421 ms","service":"Mainstack-service","status":"400","timestamp":"2024-09-09T19:50:19.160Z","url":"/api/user/signup"}
{"buildInfo":{"nodeVersion":"v20.9.0","version":"1.0.0"},"level":"info","message":"Request received","method":"POST","responseTime":"1425.195 ms","service":"Mainstack-service","status":"200","timestamp":"2024-09-09T19:50:26.679Z","url":"/api/user/login"}
{"buildInfo":{"nodeVersion":"v20.9.0","version":"1.0.0"},"level":"info","message":"Request received","method":"POST","responseTime":"501.086 ms","service":"Mainstack-service","status":"200","timestamp":"2024-09-09T19:52:06.319Z","url":"/api/user/login"}
{"buildInfo":{"nodeVersion":"v20.9.0","version":"1.0.0"},"level":"info","message":"App has started on port 5100","service":"Mainstack-service"}
{"buildInfo":{"nodeVersion":"v20.9.0","version":"1.0.0"},"email":"daniseiheme@gmail.com","level":"info","message":"LoginUser function called","service":"Mainstack-service"}
{"buildInfo":{"nodeVersion":"v20.9.0","version":"1.0.0"},"level":"info","message":"Login successful","responseCode":"00","role":1,"service":"Mainstack-service","userId":"66001fd88d250c3e382f3c6b"}
{"buildInfo":{"nodeVersion":"v20.9.0","version":"1.0.0"},"level":"info","message":"Request received","method":"POST","responseTime":"562.277 ms","service":"Mainstack-service","status":"200","timestamp":"2024-09-09T19:55:49.123Z","url":"/api/user/login"}
